Started GET "/" for 127.0.0.1 at 2019-02-24 22:47:02 +0200
  
Mysql2::Error (Access denied for user 'root'@'localhost'):
  
mysql2 (0.5.2) lib/mysql2/client.rb:90:in `connect'
mysql2 (0.5.2) lib/mysql2/client.rb:90:in `initialize'
activerecord (5.2.2) lib/active_record/connection_adapters/mysql2_adapter.rb:22:in `new'
activerecord (5.2.2) lib/active_record/connection_adapters/mysql2_adapter.rb:22:in `mysql2_connection'
activerecord (5.2.2) lib/active_record/connection_adapters/abstract/connection_pool.rb:811:in `new_connection'
activerecord (5.2.2) lib/active_record/connection_adapters/abstract/connection_pool.rb:855:in `checkout_new_connection'
activerecord (5.2.2) lib/active_record/connection_adapters/abstract/connection_pool.rb:834:in `try_to_checkout_new_connection'
activerecord (5.2.2) lib/active_record/connection_adapters/abstract/connection_pool.rb:795:in `acquire_connection'
activerecord (5.2.2) lib/active_record/connection_adapters/abstract/connection_pool.rb:523:in `checkout'
activerecord (5.2.2) lib/active_record/connection_adapters/abstract/connection_pool.rb:382:in `connection'
activerecord (5.2.2) lib/active_record/connection_adapters/abstract/connection_pool.rb:1010:in `retrieve_connection'
activerecord (5.2.2) lib/active_record/connection_handling.rb:118:in `retrieve_connection'
activerecord (5.2.2) lib/active_record/connection_handling.rb:90:in `connection'
activerecord (5.2.2) lib/active_record/migration.rb:554:in `call'
actionpack (5.2.2) lib/action_dispatch/middleware/callbacks.rb:28:in `block in call'
activesupport (5.2.2) lib/active_support/callbacks.rb:98:in `run_callbacks'
actionpack (5.2.2) lib/action_dispatch/middleware/callbacks.rb:26:in `call'
actionpack (5.2.2) lib/action_dispatch/middleware/executor.rb:14:in `call'
actionpack (5.2.2) lib/action_dispatch/middleware/debug_exceptions.rb:61:in `call'
web-console (3.7.0) lib/web_console/middleware.rb:135:in `call_app'
web-console (3.7.0) lib/web_console/middleware.rb:30:in `block in call'
web-console (3.7.0) lib/web_console/middleware.rb:20:in `catch'
web-console (3.7.0) lib/web_console/middleware.rb:20:in `call'
actionpack (5.2.2) lib/action_dispatch/middleware/show_exceptions.rb:33:in `call'
railties (5.2.2) lib/rails/rack/logger.rb:38:in `call_app'
railties (5.2.2) lib/rails/rack/logger.rb:26:in `block in call'
activesupport (5.2.2) lib/active_support/tagged_logging.rb:71:in `block in tagged'
activesupport (5.2.2) lib/active_support/tagged_logging.rb:28:in `tagged'
activesupport (5.2.2) lib/active_support/tagged_logging.rb:71:in `tagged'
railties (5.2.2) lib/rails/rack/logger.rb:26:in `call'
sprockets-rails (3.2.1) lib/sprockets/rails/quiet_assets.rb:13:in `call'
actionpack (5.2.2) lib/action_dispatch/middleware/remote_ip.rb:81:in `call'
actionpack (5.2.2) lib/action_dispatch/middleware/request_id.rb:27:in `call'
rack (2.0.6) lib/rack/method_override.rb:22:in `call'
rack (2.0.6) lib/rack/runtime.rb:22:in `call'
activesupport (5.2.2) lib/active_support/cache/strategy/local_cache_middleware.rb:29:in `call'
actionpack (5.2.2) lib/action_dispatch/middleware/executor.rb:14:in `call'
actionpack (5.2.2) lib/action_dispatch/middleware/static.rb:127:in `call'
rack (2.0.6) lib/rack/sendfile.rb:111:in `call'
railties (5.2.2) lib/rails/engine.rb:524:in `call'
puma (3.12.0) lib/puma/configuration.rb:225:in `call'
puma (3.12.0) lib/puma/server.rb:658:in `handle_request'
puma (3.12.0) lib/puma/server.rb:472:in `process_client'
puma (3.12.0) lib/puma/server.rb:332:in `block in run'
puma (3.12.0) lib/puma/thread_pool.rb:133:in `block in spawn_thread'
  [1m[35m (71.3ms)[0m  [1m[35mSET NAMES utf8,  @@SESSION.sql_mode = CONCAT(CONCAT(@@sql_mode, ',STRICT_ALL_TABLES'), ',NO_AUTO_VALUE_ON_ZERO'),  @@SESSION.sql_auto_is_null = 0, @@SESSION.wait_timeout = 2147483[0m
  ↳ /home/naguib/.rvm/rubies/ruby-2.6.0/lib/ruby/gems/2.6.0/gems/rake-12.3.2/lib/rake/task.rb:273
  [1m[35m (0.1ms)[0m  [1m[34mSELECT GET_LOCK('8745249047483416335', 0)[0m
  ↳ /home/naguib/.rvm/rubies/ruby-2.6.0/lib/ruby/gems/2.6.0/gems/rake-12.3.2/lib/rake/task.rb:273
  [1m[35m (116.2ms)[0m  [1m[34mSELECT `schema_migrations`.`version` FROM `schema_migrations` ORDER BY `schema_migrations`.`version` ASC[0m
  ↳ /home/naguib/.rvm/rubies/ruby-2.6.0/lib/ruby/gems/2.6.0/gems/rake-12.3.2/lib/rake/task.rb:273
Migrating to CreateOrders (20190222164044)
  [1m[35m (987.2ms)[0m  [1m[35mCREATE TABLE `orders` (`id` bigint NOT NULL AUTO_INCREMENT PRIMARY KEY, `user_id` bigint, `ends_at` datetime, `resturant` varchar(255), `menu_file_name` varchar(255), `menu_content_type` varchar(255), `menu_file_size` int, `menu_updated_at` datetime, `meal` int, `status` int, `name` varchar(255), `created_at` datetime NOT NULL, `updated_at` datetime NOT NULL,  INDEX `index_orders_on_user_id`  (`user_id`), CONSTRAINT `fk_rails_f868b47f6a`
FOREIGN KEY (`user_id`)
  REFERENCES `users` (`id`)
)[0m
  ↳ db/migrate/20190222164044_create_orders.rb:3
  [1m[35m (0.1ms)[0m  [1m[35mBEGIN[0m
  ↳ /home/naguib/.rvm/rubies/ruby-2.6.0/lib/ruby/gems/2.6.0/gems/rake-12.3.2/lib/rake/task.rb:273
  [1m[36mActiveRecord::SchemaMigration Create (0.2ms)[0m  [1m[32mINSERT INTO `schema_migrations` (`version`) VALUES ('20190222164044')[0m
  ↳ /home/naguib/.rvm/rubies/ruby-2.6.0/lib/ruby/gems/2.6.0/gems/rake-12.3.2/lib/rake/task.rb:273
  [1m[35m (30.2ms)[0m  [1m[35mCOMMIT[0m
  ↳ /home/naguib/.rvm/rubies/ruby-2.6.0/lib/ruby/gems/2.6.0/gems/rake-12.3.2/lib/rake/task.rb:273
Migrating to CreateInvitedMembers (20190222180452)
  [1m[35m (280.1ms)[0m  [1m[35mCREATE TABLE `invited_members` (`id` bigint NOT NULL AUTO_INCREMENT PRIMARY KEY, `order_id` bigint, `user_id` bigint, `created_at` datetime NOT NULL, `updated_at` datetime NOT NULL,  INDEX `index_invited_members_on_order_id`  (`order_id`),  INDEX `index_invited_members_on_user_id`  (`user_id`), CONSTRAINT `fk_rails_32581cae2c`
FOREIGN KEY (`order_id`)
  REFERENCES `orders` (`id`)
, CONSTRAINT `fk_rails_9e44100910`
FOREIGN KEY (`user_id`)
  REFERENCES `users` (`id`)
)[0m
  ↳ db/migrate/20190222180452_create_invited_members.rb:3
  [1m[35m (0.1ms)[0m  [1m[35mBEGIN[0m
  ↳ /home/naguib/.rvm/rubies/ruby-2.6.0/lib/ruby/gems/2.6.0/gems/rake-12.3.2/lib/rake/task.rb:273
  [1m[36mActiveRecord::SchemaMigration Create (0.2ms)[0m  [1m[32mINSERT INTO `schema_migrations` (`version`) VALUES ('20190222180452')[0m
  ↳ /home/naguib/.rvm/rubies/ruby-2.6.0/lib/ruby/gems/2.6.0/gems/rake-12.3.2/lib/rake/task.rb:273
  [1m[35m (32.0ms)[0m  [1m[35mCOMMIT[0m
  ↳ /home/naguib/.rvm/rubies/ruby-2.6.0/lib/ruby/gems/2.6.0/gems/rake-12.3.2/lib/rake/task.rb:273
Migrating to CreateOrderInformations (20190222180753)
  [1m[35m (489.7ms)[0m  [1m[35mCREATE TABLE `order_informations` (`id` bigint NOT NULL AUTO_INCREMENT PRIMARY KEY, `order_id` bigint, `user_id` bigint, `item_name` varchar(255), `item_price` float(24), `amount` int, `comment` varchar(255), `created_at` datetime NOT NULL, `updated_at` datetime NOT NULL,  INDEX `index_order_informations_on_order_id`  (`order_id`),  INDEX `index_order_informations_on_user_id`  (`user_id`), CONSTRAINT `fk_rails_e904e67d59`
FOREIGN KEY (`order_id`)
  REFERENCES `orders` (`id`)
, CONSTRAINT `fk_rails_f2b82ecec0`
FOREIGN KEY (`user_id`)
  REFERENCES `users` (`id`)
)[0m
  ↳ db/migrate/20190222180753_create_order_informations.rb:3
  [1m[35m (0.1ms)[0m  [1m[35mBEGIN[0m
  ↳ /home/naguib/.rvm/rubies/ruby-2.6.0/lib/ruby/gems/2.6.0/gems/rake-12.3.2/lib/rake/task.rb:273
  [1m[36mActiveRecord::SchemaMigration Create (0.2ms)[0m  [1m[32mINSERT INTO `schema_migrations` (`version`) VALUES ('20190222180753')[0m
  ↳ /home/naguib/.rvm/rubies/ruby-2.6.0/lib/ruby/gems/2.6.0/gems/rake-12.3.2/lib/rake/task.rb:273
  [1m[35m (31.7ms)[0m  [1m[35mCOMMIT[0m
  ↳ /home/naguib/.rvm/rubies/ruby-2.6.0/lib/ruby/gems/2.6.0/gems/rake-12.3.2/lib/rake/task.rb:273
  [1m[36mActiveRecord::InternalMetadata Load (12.4ms)[0m  [1m[34mSELECT  `ar_internal_metadata`.* FROM `ar_internal_metadata` WHERE `ar_internal_metadata`.`key` = 'environment' LIMIT 1[0m
  ↳ /home/naguib/.rvm/rubies/ruby-2.6.0/lib/ruby/gems/2.6.0/gems/rake-12.3.2/lib/rake/task.rb:273
  [1m[35m (0.2ms)[0m  [1m[35mBEGIN[0m
  ↳ /home/naguib/.rvm/rubies/ruby-2.6.0/lib/ruby/gems/2.6.0/gems/rake-12.3.2/lib/rake/task.rb:273
  [1m[35m (0.1ms)[0m  [1m[35mCOMMIT[0m
  ↳ /home/naguib/.rvm/rubies/ruby-2.6.0/lib/ruby/gems/2.6.0/gems/rake-12.3.2/lib/rake/task.rb:273
  [1m[35m (0.1ms)[0m  [1m[34mSELECT RELEASE_LOCK('8745249047483416335')[0m
  ↳ /home/naguib/.rvm/rubies/ruby-2.6.0/lib/ruby/gems/2.6.0/gems/rake-12.3.2/lib/rake/task.rb:273
  [1m[35m (0.2ms)[0m  [1m[34mSELECT `schema_migrations`.`version` FROM `schema_migrations` ORDER BY `schema_migrations`.`version` ASC[0m
  ↳ /home/naguib/.rvm/rubies/ruby-2.6.0/lib/ruby/gems/2.6.0/gems/rake-12.3.2/lib/rake/task.rb:273
Started GET "/" for 127.0.0.1 at 2019-02-24 22:54:07 +0200
  [1m[35m (0.5ms)[0m  [1m[35mSET NAMES utf8,  @@SESSION.sql_mode = CONCAT(CONCAT(@@sql_mode, ',STRICT_ALL_TABLES'), ',NO_AUTO_VALUE_ON_ZERO'),  @@SESSION.sql_auto_is_null = 0, @@SESSION.wait_timeout = 2147483[0m
  ↳ /home/naguib/.rvm/gems/ruby-2.6.0/gems/activerecord-5.2.2/lib/active_record/log_subscriber.rb:98
  [1m[35m (1.3ms)[0m  [1m[34mSELECT `schema_migrations`.`version` FROM `schema_migrations` ORDER BY `schema_migrations`.`version` ASC[0m
  ↳ /home/naguib/.rvm/gems/ruby-2.6.0/gems/activerecord-5.2.2/lib/active_record/log_subscriber.rb:98
Processing by PagesController#index as HTML
  [1m[36mUser Load (0.4ms)[0m  [1m[34mSELECT  `users`.* FROM `users` WHERE `users`.`id` = 1 ORDER BY `users`.`id` ASC LIMIT 1[0m
  ↳ /home/naguib/.rvm/gems/ruby-2.6.0/gems/activerecord-5.2.2/lib/active_record/log_subscriber.rb:98
  Rendering pages/index.html.erb within layouts/application
  [1m[36mOrder Load (0.4ms)[0m  [1m[34mSELECT `orders`.* FROM `orders` WHERE `orders`.`user_id` = 1[0m
  ↳ app/views/pages/index.html.erb:7
  [1m[36mFriend Load (0.2ms)[0m  [1m[34mSELECT `friends`.* FROM `friends` WHERE `friends`.`user_id` = 1[0m
  ↳ app/views/pages/index.html.erb:21
  Rendered pages/index.html.erb within layouts/application (31.1ms)
  Rendered layouts/navigation/_header.html.erb (0.4ms)
  [1m[35m (16.8ms)[0m  [1m[34mSELECT COUNT(*) FROM `invited_members` WHERE `invited_members`.`user_id` = 1[0m
  ↳ app/views/layouts/navigation/_collapsible_elements.html.erb:30
  [1m[36mInvitedMember Load (0.3ms)[0m  [1m[34mSELECT `invited_members`.* FROM `invited_members` WHERE `invited_members`.`user_id` = 1[0m
  ↳ app/views/layouts/navigation/_collapsible_elements.html.erb:42
  Rendered layouts/navigation/_collapsible_elements.html.erb (21.4ms)
  Rendered layouts/_navigation.html.erb (25.0ms)
Completed 200 OK in 7214ms (Views: 6964.8ms | ActiveRecord: 25.9ms)


Started GET "/orders" for 127.0.0.1 at 2019-02-24 22:54:23 +0200
Processing by OrdersController#index as HTML
  [1m[36mUser Load (0.5ms)[0m  [1m[34mSELECT  `users`.* FROM `users` WHERE `users`.`id` = 1 ORDER BY `users`.`id` ASC LIMIT 1[0m
  ↳ /home/naguib/.rvm/gems/ruby-2.6.0/gems/activerecord-5.2.2/lib/active_record/log_subscriber.rb:98
  Rendering orders/index.html.erb within layouts/application
  [1m[36mOrder Load (0.6ms)[0m  [1m[34mSELECT `orders`.* FROM `orders` WHERE `orders`.`user_id` = 1[0m
  ↳ app/views/orders/index.html.erb:20
  Rendered orders/index.html.erb within layouts/application (3.3ms)
  Rendered layouts/navigation/_header.html.erb (0.3ms)
  [1m[35m (0.6ms)[0m  [1m[34mSELECT COUNT(*) FROM `invited_members` WHERE `invited_members`.`user_id` = 1[0m
  ↳ app/views/layouts/navigation/_collapsible_elements.html.erb:30
  [1m[36mInvitedMember Load (0.9ms)[0m  [1m[34mSELECT `invited_members`.* FROM `invited_members` WHERE `invited_members`.`user_id` = 1[0m
  ↳ app/views/layouts/navigation/_collapsible_elements.html.erb:42
  Rendered layouts/navigation/_collapsible_elements.html.erb (5.6ms)
  Rendered layouts/_navigation.html.erb (7.0ms)
Completed 200 OK in 77ms (Views: 52.7ms | ActiveRecord: 2.6ms)


Started GET "/groups" for 127.0.0.1 at 2019-02-24 22:54:25 +0200
Processing by GroupsController#index as HTML
  [1m[36mUser Load (0.3ms)[0m  [1m[34mSELECT  `users`.* FROM `users` WHERE `users`.`id` = 1 ORDER BY `users`.`id` ASC LIMIT 1[0m
  ↳ /home/naguib/.rvm/gems/ruby-2.6.0/gems/activerecord-5.2.2/lib/active_record/log_subscriber.rb:98
  Rendering groups/index.html.erb within layouts/application
  Rendered groups/_form.html.erb (566.5ms)
  [1m[36mGroup Load (6.9ms)[0m  [1m[34mSELECT `groups`.* FROM `groups` WHERE `groups`.`user_id` = 1[0m
  ↳ app/views/groups/index.html.erb:19
  Rendered groups/index.html.erb within layouts/application (579.1ms)
  Rendered layouts/navigation/_header.html.erb (0.5ms)
  [1m[35m (0.4ms)[0m  [1m[34mSELECT COUNT(*) FROM `invited_members` WHERE `invited_members`.`user_id` = 1[0m
  ↳ app/views/layouts/navigation/_collapsible_elements.html.erb:30
  [1m[36mInvitedMember Load (0.3ms)[0m  [1m[34mSELECT `invited_members`.* FROM `invited_members` WHERE `invited_members`.`user_id` = 1[0m
  ↳ app/views/layouts/navigation/_collapsible_elements.html.erb:42
  Rendered layouts/navigation/_collapsible_elements.html.erb (4.1ms)
  Rendered layouts/_navigation.html.erb (7.7ms)
Completed 200 OK in 703ms (Views: 628.6ms | ActiveRecord: 8.8ms)


Started GET "/friends" for 127.0.0.1 at 2019-02-24 22:54:26 +0200
Processing by FriendsController#index as HTML
  [1m[36mUser Load (0.3ms)[0m  [1m[34mSELECT  `users`.* FROM `users` WHERE `users`.`id` = 1 ORDER BY `users`.`id` ASC LIMIT 1[0m
  ↳ /home/naguib/.rvm/gems/ruby-2.6.0/gems/activerecord-5.2.2/lib/active_record/log_subscriber.rb:98
  Rendering friends/index.html.erb within layouts/application
  Rendered friends/_form.html.erb (2.6ms)
  Rendering friends/show.html.erb
  [1m[36mFriend Load (0.3ms)[0m  [1m[34mSELECT `friends`.* FROM `friends` WHERE `friends`.`user_id` = 1[0m
  ↳ app/views/friends/show.html.erb:1
  Rendered friends/show.html.erb (4.1ms)
  Rendered friends/index.html.erb within layouts/application (16.0ms)
  Rendered layouts/navigation/_header.html.erb (0.5ms)
  [1m[35m (0.4ms)[0m  [1m[34mSELECT COUNT(*) FROM `invited_members` WHERE `invited_members`.`user_id` = 1[0m
  ↳ app/views/layouts/navigation/_collapsible_elements.html.erb:30
  [1m[36mInvitedMember Load (0.3ms)[0m  [1m[34mSELECT `invited_members`.* FROM `invited_members` WHERE `invited_members`.`user_id` = 1[0m
  ↳ app/views/layouts/navigation/_collapsible_elements.html.erb:42
  Rendered layouts/navigation/_collapsible_elements.html.erb (3.3ms)
  Rendered layouts/_navigation.html.erb (7.9ms)
Completed 200 OK in 105ms (Views: 86.2ms | ActiveRecord: 1.6ms)


Started GET "/" for 127.0.0.1 at 2019-02-24 22:54:28 +0200
Processing by PagesController#index as HTML
  [1m[36mUser Load (0.4ms)[0m  [1m[34mSELECT  `users`.* FROM `users` WHERE `users`.`id` = 1 ORDER BY `users`.`id` ASC LIMIT 1[0m
  ↳ /home/naguib/.rvm/gems/ruby-2.6.0/gems/activerecord-5.2.2/lib/active_record/log_subscriber.rb:98
  Rendering pages/index.html.erb within layouts/application
  [1m[36mOrder Load (0.4ms)[0m  [1m[34mSELECT `orders`.* FROM `orders` WHERE `orders`.`user_id` = 1[0m
  ↳ app/views/pages/index.html.erb:7
  [1m[36mFriend Load (1.8ms)[0m  [1m[34mSELECT `friends`.* FROM `friends` WHERE `friends`.`user_id` = 1[0m
  ↳ app/views/pages/index.html.erb:21
  Rendered pages/index.html.erb within layouts/application (7.6ms)
  Rendered layouts/navigation/_header.html.erb (0.3ms)
  [1m[35m (0.3ms)[0m  [1m[34mSELECT COUNT(*) FROM `invited_members` WHERE `invited_members`.`user_id` = 1[0m
  ↳ app/views/layouts/navigation/_collapsible_elements.html.erb:30
  [1m[36mInvitedMember Load (0.3ms)[0m  [1m[34mSELECT `invited_members`.* FROM `invited_members` WHERE `invited_members`.`user_id` = 1[0m
  ↳ app/views/layouts/navigation/_collapsible_elements.html.erb:42
  Rendered layouts/navigation/_collapsible_elements.html.erb (2.5ms)
  Rendered layouts/_navigation.html.erb (3.9ms)
Completed 200 OK in 68ms (Views: 61.9ms | ActiveRecord: 3.2ms)


